\BOOKMARK [1][-]{section.1}{\376\377\000S\000T\000V\000A\000R\000N\000O\000\040\000K\000A\000Z\000A\000L\000O}{}% 1
\BOOKMARK [1][-]{section.2}{\376\377\000O\000k\000o\000l\000j\000a}{}% 2
\BOOKMARK [1][-]{section.3}{\376\377\000M\000A\000T\000E\000M\000A\000T\000I\001\014\000N\000I\000\040\000I\000Z\000R\000A\000Z\000I}{}% 3
\BOOKMARK [2][-]{subsection.3.1}{\376\377\000r\000a\000z\000l\000i\001\015\000n\000i\000\040\000n\000a\001\015\000i\000n\000i}{section.3}% 4
\BOOKMARK [3][-]{subsubsection.3.1.1}{\376\377\000P\000r\000a\000v\000i\000l\000a\000\040\000z\000a\000\040\000p\000i\000s\000a\000n\000j\000e\000\040\000i\000z\000r\000a\000z\000o\000v\000\040\000v\000\040\000p\000r\000i\000k\000a\000z\000n\000e\000m\000\040\000n\000a\001\015\000i\000n\000u\000:}{subsection.3.1}% 5
\BOOKMARK [2][-]{subsection.3.2}{\376\377\000O\000k\000l\000e\000p\000a\000j\000i}{section.3}% 6
\BOOKMARK [1][-]{section.4}{\376\377\000R\000a\000z\000d\000e\000l\000k\000i\000\040\000i\000n\000\040\000p\000o\000d\000r\000a\000z\000d\000e\000l\000k\000i}{}% 7
\BOOKMARK [1][-]{section.5}{\376\377\000U\000p\000o\000r\000a\000b\000a\000\040\000r\000a\000z\000d\000e\000l\000k\000o\000v}{}% 8
\BOOKMARK [2][-]{subsection.5.1}{\376\377\000U\000p\000o\000r\000a\000b\000a\000\040\000p\000o\000d\000r\000a\000z\000d\000e\000l\000k\000o\000v}{section.5}% 9
\BOOKMARK [3][-]{subsubsection.5.1.1}{\376\377\000U\000p\000o\000r\000a\000b\000a\000\040\000p\000o\000d\000p\000o\000d\000r\000a\000z\000d\000e\000l\000k\000o\000v}{subsection.5.1}% 10
\BOOKMARK [1][-]{section.6}{\376\377\000P\000I\000S\000A\000V\000E}{}% 11
\BOOKMARK [2][-]{subsection.6.1}{\376\377\000U\000k\000a\000z\000i\000\040\000s\000\040\000k\000a\000t\000e\000r\000i\000m\000i\000\040\000n\000a\000s\000t\000a\000v\000i\000m\000o\000\040\000v\000e\000l\000i\000k\000o\000s\000t\000\040\000p\000i\000s\000a\000v\000e\000,\000\040\000a\000\040\000t\000e\000g\000a\000\040\000r\000a\000j\000e\000\040\000n\000e\000\040\000p\000o\001\015\000n\000i\000t\000e\000\040\000n\000a\000\040\000r\000o\000k\000e}{section.6}% 12
\BOOKMARK [1][-]{section.7}{\376\377\000N\000A\001\140\000T\000E\000V\000A\000N\000J\000E}{}% 13
\BOOKMARK [2][-]{subsection.7.1}{\376\377\000N\000e\000o\001\141\000t\000e\000v\000i\000l\001\015\000e\000n\000o\000\040\000n\000a\001\141\000t\000e\000v\000a\000n\000j\000e\000:}{section.7}% 14
\BOOKMARK [2][-]{subsection.7.2}{\376\377\000O\001\141\000t\000e\000v\000i\000l\001\015\000e\000n\000o\000\040\000n\000a\001\141\000t\000e\000v\000a\000n\000j\000e\000:}{section.7}% 15
\BOOKMARK [2][-]{subsection.7.3}{\376\377\000V\000g\000n\000e\000z\000d\000e\000n\000o\000\040\000n\000a\001\141\000t\000e\000v\000a\000n\000j\000e\000:}{section.7}% 16
\BOOKMARK [1][-]{section.8}{\376\377\000P\000R\000E\000S\000L\000E\000D\000K\000I}{}% 17
\BOOKMARK [1][-]{section.9}{\376\377\000S\000L\000I\000K\000E}{}% 18
\BOOKMARK [2][-]{subsection.9.1}{\376\377\000V\000K\000L\000J\000U\001\014\000E\000V\000A\000N\000J\000E\000\040\000S\000L\000I\000K\000E}{section.9}% 19
\BOOKMARK [2][-]{subsection.9.2}{\376\377\000O\000B\000L\000I\000K\000O\000V\000A\000N\000J\000E\000\040\000S\000L\000I\000K}{section.9}% 20
\BOOKMARK [1][-]{section.10}{\376\377\000T\000A\000B\000E\000L\000E}{}% 21
\BOOKMARK [1][-]{section.11}{\376\377\000V\000K\000L\000J\000U\001\014\000E\000V\000A\000N\000J\000E\000\040\000S\000P\000L\000E\000T\000N\000I\000H\000\040\000N\000A\000S\000L\000O\000V\000O\000V}{}% 22
\BOOKMARK [1][-]{section.12}{\376\377\000U\000K\000A\000Z\000I}{}% 23
\BOOKMARK [1][-]{section.13}{\376\377\000C\000I\000T\000I\000R\000A\000N\000J\000E}{}% 24
\BOOKMARK [1][-]{section.14}{\376\377\000V\000I\000R\000I}{}% 25
